<?xml version="1.0" encoding="UTF-8"?>
<!-- Generated by org.testng.reporters.JUnitReportReporter -->
<testsuite hostname="DESKTOP-A2RDTGL" name="com.LennhedenMathias.Maven.Calculator_MathiasL.MyBasicOperationsTest" tests="4" failures="0" timestamp="12 Dec 2018 14:47:04 GMT" time="0.060" errors="0">
  <testcase name="testSubtraktion" time="0.016" classname="com.LennhedenMathias.Maven.Calculator_MathiasL.MyBasicOperationsTest"/>
  <testcase name="testDivision" time="0.010" classname="com.LennhedenMathias.Maven.Calculator_MathiasL.MyBasicOperationsTest"/>
  <testcase name="testMultiplikation" time="0.022" classname="com.LennhedenMathias.Maven.Calculator_MathiasL.MyBasicOperationsTest"/>
  <testcase name="testAddititon" time="0.012" classname="com.LennhedenMathias.Maven.Calculator_MathiasL.MyBasicOperationsTest"/>
</testsuite> <!-- com.LennhedenMathias.Maven.Calculator_MathiasL.MyBasicOperationsTest -->
