<?xml version="1.0" encoding="UTF-8"?>
<!-- Generated by org.testng.reporters.JUnitReportReporter -->
<testsuite hostname="DESKTOP-A2RDTGL" name="com.LennhedenMathias.Maven.Calculator_MathiasL.MyAdvancedOperationsTest" tests="6" failures="0" timestamp="12 Dec 2018 14:47:04 GMT" time="0.113" errors="0">
  <testcase name="testXUpphöjtMedX" time="0.012" classname="com.LennhedenMathias.Maven.Calculator_MathiasL.MyAdvancedOperationsTest"/>
  <testcase name="testRotenUr" time="0.012" classname="com.LennhedenMathias.Maven.Calculator_MathiasL.MyAdvancedOperationsTest"/>
  <testcase name="testEttDelatMedX" time="0.016" classname="com.LennhedenMathias.Maven.Calculator_MathiasL.MyAdvancedOperationsTest"/>
  <testcase name="testUpphöjtTill2" time="0.039" classname="com.LennhedenMathias.Maven.Calculator_MathiasL.MyAdvancedOperationsTest"/>
  <testcase name="testUpphöjtTill3" time="0.019" classname="com.LennhedenMathias.Maven.Calculator_MathiasL.MyAdvancedOperationsTest"/>
  <testcase name="testModulus" time="0.015" classname="com.LennhedenMathias.Maven.Calculator_MathiasL.MyAdvancedOperationsTest"/>
</testsuite> <!-- com.LennhedenMathias.Maven.Calculator_MathiasL.MyAdvancedOperationsTest -->
